# JRE version: Java(TM) SE Runtime Environment (8.0_60-b27) (build 1.8.0_60-b27)
# Java VM: Java HotSpot(TM) 64-Bit Server VM (25.60-b23 mixed mode bsd-amd64 compressed oops)
Heap:
 PSYoungGen      total 290304K, used 261757K [0x0000000795580000, 0x00000007a8980000, 0x00000007c0000000)
  eden space 266240K, 98% used [0x0000000795580000,0x00000007a54e7720,0x00000007a5980000)
  from space 24064K, 0% used [0x00000007a7200000,0x00000007a7238000,0x00000007a8980000)
  to   space 24576K, 0% used [0x00000007a5980000,0x00000007a5980000,0x00000007a7180000)
 ParOldGen       total 87552K, used 39009K [0x0000000740000000, 0x0000000745580000, 0x0000000795580000)
  object space 87552K, 44% used [0x0000000740000000,0x00000007426185d0,0x0000000745580000)
 Metaspace       used 10163K, capacity 10293K, committed 10368K, reserved 1058816K
  class space    used 1067K, capacity 1119K, committed 1152K, reserved 1048576K
GC Heap History (10 events):
Event: 1.868 GC heap before
{Heap before GC invocations=4 (full 0):
 PSYoungGen      total 38400K, used 35998K [0x0000000795580000, 0x000000079a080000, 0x00000007c0000000)
  eden space 33280K, 100% used [0x0000000795580000,0x0000000797600000,0x0000000797600000)
  from space 5120K, 53% used [0x0000000797600000,0x00000007978a79c0,0x0000000797b00000)
  to   space 5120K, 0% used [0x0000000799b80000,0x0000000799b80000,0x000000079a080000)
 ParOldGen       total 87552K, used 35407K [0x0000000740000000, 0x0000000745580000, 0x0000000795580000)
  object space 87552K, 40% used [0x0000000740000000,0x0000000742293d90,0x0000000745580000)
 Metaspace       used 9848K, capacity 10037K, committed 10112K, reserved 1058816K
  class space    used 1056K, capacity 1119K, committed 1152K, reserved 1048576K
Event: 1.872 GC heap after
Heap after GC invocations=4 (full 0):
 PSYoungGen      total 71680K, used 4734K [0x0000000795580000, 0x000000079a080000, 0x00000007c0000000)
  eden space 66560K, 0% used [0x0000000795580000,0x0000000795580000,0x0000000799680000)
  from space 5120K, 92% used [0x0000000799b80000,0x000000079a01fbf0,0x000000079a080000)
  to   space 5120K, 0% used [0x0000000799680000,0x0000000799680000,0x0000000799b80000)
 ParOldGen       total 87552K, used 35407K [0x0000000740000000, 0x0000000745580000, 0x0000000795580000)
  object space 87552K, 40% used [0x0000000740000000,0x0000000742293d90,0x0000000745580000)
 Metaspace       used 9848K, capacity 10037K, committed 10112K, reserved 1058816K
  class space    used 1056K, capacity 1119K, committed 1152K, reserved 1048576K
}
Event: 2.298 GC heap before
{Heap before GC invocations=5 (full 0):
 PSYoungGen      total 71680K, used 71294K [0x0000000795580000, 0x000000079a080000, 0x00000007c0000000)
  eden space 66560K, 100% used [0x0000000795580000,0x0000000799680000,0x0000000799680000)
  from space 5120K, 92% used [0x0000000799b80000,0x000000079a01fbf0,0x000000079a080000)
  to   space 5120K, 0% used [0x0000000799680000,0x0000000799680000,0x0000000799b80000)
 ParOldGen       total 87552K, used 35407K [0x0000000740000000, 0x0000000745580000, 0x0000000795580000)
  object space 87552K, 40% used [0x0000000740000000,0x0000000742293d90,0x0000000745580000)
 Metaspace       used 9856K, capacity 10037K, committed 10112K, reserved 1058816K
  class space    used 1056K, capacity 1119K, committed 1152K, reserved 1048576K
Event: 2.303 GC heap after
Heap after GC invocations=5 (full 0):
 PSYoungGen      total 71680K, used 4798K [0x0000000795580000, 0x00000007a0d80000, 0x00000007c0000000)
  eden space 66560K, 0% used [0x0000000795580000,0x0000000795580000,0x0000000799680000)
  from space 5120K, 93% used [0x0000000799680000,0x0000000799b2fbf0,0x0000000799b80000)
  to   space 27648K, 0% used [0x000000079f280000,0x000000079f280000,0x00000007a0d80000)
 ParOldGen       total 87552K, used 36943K [0x0000000740000000, 0x0000000745580000, 0x0000000795580000)
  object space 87552K, 42% used [0x0000000740000000,0x0000000742413db0,0x0000000745580000)
 Metaspace       used 9856K, capacity 10037K, committed 10112K, reserved 1058816K
  class space    used 1056K, capacity 1119K, committed 1152K, reserved 1048576K
}
Event: 2.706 GC heap before
{Heap before GC invocations=6 (full 0):
 PSYoungGen      total 71680K, used 71358K [0x0000000795580000, 0x00000007a0d80000, 0x00000007c0000000)
  eden space 66560K, 100% used [0x0000000795580000,0x0000000799680000,0x0000000799680000)
  from space 5120K, 93% used [0x0000000799680000,0x0000000799b2fbf0,0x0000000799b80000)
  to   space 27648K, 0% used [0x000000079f280000,0x000000079f280000,0x00000007a0d80000)
 ParOldGen       total 87552K, used 36943K [0x0000000740000000, 0x0000000745580000, 0x0000000795580000)
  object space 87552K, 42% used [0x0000000740000000,0x0000000742413db0,0x0000000745580000)
 Metaspace       used 9863K, capacity 10037K, committed 10112K, reserved 1058816K
  class space    used 1056K, capacity 1119K, committed 1152K, reserved 1048576K
Event: 2.712 GC heap after
Heap after GC invocations=6 (full 0):
 PSYoungGen      total 156672K, used 6335K [0x0000000795580000, 0x00000007a0980000, 0x00000007c0000000)
  eden space 133120K, 0% used [0x0000000795580000,0x0000000795580000,0x000000079d780000)
  from space 23552K, 26% used [0x000000079f280000,0x000000079f8afc10,0x00000007a0980000)
  to   space 25600K, 0% used [0x000000079d780000,0x000000079d780000,0x000000079f080000)
 ParOldGen       total 87552K, used 36951K [0x0000000740000000, 0x0000000745580000, 0x0000000795580000)
  object space 87552K, 42% used [0x0000000740000000,0x0000000742415db0,0x0000000745580000)
 Metaspace       used 9863K, capacity 10037K, committed 10112K, reserved 1058816K
  class space    used 1056K, capacity 1119K, committed 1152K, reserved 1048576K
}
Event: 3.512 GC heap before
{Heap before GC invocations=7 (full 0):
 PSYoungGen      total 156672K, used 139455K [0x0000000795580000, 0x00000007a0980000, 0x00000007c0000000)
  eden space 133120K, 100% used [0x0000000795580000,0x000000079d780000,0x000000079d780000)
  from space 23552K, 26% used [0x000000079f280000,0x000000079f8afc10,0x00000007a0980000)
  to   space 25600K, 0% used [0x000000079d780000,0x000000079d780000,0x000000079f080000)
 ParOldGen       total 87552K, used 36951K [0x0000000740000000, 0x0000000745580000, 0x0000000795580000)
  object space 87552K, 42% used [0x0000000740000000,0x0000000742415db0,0x0000000745580000)
 Metaspace       used 9909K, capacity 10037K, committed 10112K, reserved 1058816K
  class space    used 1059K, capacity 1119K, committed 1152K, reserved 1048576K
Event: 3.516 GC heap after
Heap after GC invocations=7 (full 0):
 PSYoungGen      total 158720K, used 876K [0x0000000795580000, 0x00000007a8a80000, 0x00000007c0000000)
  eden space 133120K, 0% used [0x0000000795580000,0x0000000795580000,0x000000079d780000)
  from space 25600K, 3% used [0x000000079d780000,0x000000079d85b0d0,0x000000079f080000)
  to   space 25088K, 0% used [0x00000007a7200000,0x00000007a7200000,0x00000007a8a80000)
 ParOldGen       total 87552K, used 38969K [0x0000000740000000, 0x0000000745580000, 0x0000000795580000)
  object space 87552K, 44% used [0x0000000740000000,0x000000074260e5d0,0x0000000745580000)
 Metaspace       used 9909K, capacity 10037K, committed 10112K, reserved 1058816K
  class space    used 1059K, capacity 1119K, committed 1152K, reserved 1048576K
}
Event: 11.881 GC heap before
{Heap before GC invocations=8 (full 0):
 PSYoungGen      total 158720K, used 133996K [0x0000000795580000, 0x00000007a8a80000, 0x00000007c0000000)
  eden space 133120K, 100% used [0x0000000795580000,0x000000079d780000,0x000000079d780000)
  from space 25600K, 3% used [0x000000079d780000,0x000000079d85b0d0,0x000000079f080000)
  to   space 25088K, 0% used [0x00000007a7200000,0x00000007a7200000,0x00000007a8a80000)
 ParOldGen       total 87552K, used 38969K [0x0000000740000000, 0x0000000745580000, 0x0000000795580000)
  object space 87552K, 44% used [0x0000000740000000,0x000000074260e5d0,0x0000000745580000)
 Metaspace       used 10144K, capacity 10293K, committed 10368K, reserved 1058816K
  class space    used 1067K, capacity 1119K, committed 1152K, reserved 1048576K
Event: 11.883 GC heap after
Heap after GC invocations=8 (full 0):
 PSYoungGen      total 290304K, used 224K [0x0000000795580000, 0x00000007a8980000, 0x00000007c0000000)
  eden space 266240K, 0% used [0x0000000795580000,0x0000000795580000,0x00000007a5980000)
  from space 24064K, 0% used [0x00000007a7200000,0x00000007a7238000,0x00000007a8980000)
  to   space 24576K, 0% used [0x00000007a5980000,0x00000007a5980000,0x00000007a7180000)
 ParOldGen       total 87552K, used 39009K [0x0000000740000000, 0x0000000745580000, 0x0000000795580000)
  object space 87552K, 44% used [0x0000000740000000,0x00000007426185d0,0x0000000745580000)
 Metaspace       used 10144K, capacity 10293K, committed 10368K, reserved 1058816K
  class space    used 1067K, capacity 1119K, committed 1152K, reserved 1048576K
}

